# JRE version: OpenJDK Runtime Environment (11.0.10) (build 11.0.10+0-b96-7249189)
# Java VM: OpenJDK 64-Bit Server VM (11.0.10+0-b96-7249189, mixed mode, tiered, compressed oops, g1 gc, windows-amd64)
Heap:
 garbage-first heap   total 768000K, used 146881K [0x0000000080000000, 0x0000000100000000)
  region size 1024K, 3 young (3072K), 3 survivors (3072K)
 Metaspace       used 128956K, capacity 132645K, committed 133212K, reserved 1165312K
  class space    used 16049K, capacity 17447K, committed 17868K, reserved 1048576K
GC Heap History (20 events):
Event: 5697.547 GC heap after
{Heap after GC invocations=70 (full 0):
 garbage-first heap   total 262144K, used 120646K [0x0000000080000000, 0x0000000100000000)
  region size 1024K, 10 young (10240K), 10 survivors (10240K)
 Metaspace       used 127926K, capacity 131569K, committed 132444K, reserved 1163264K
  class space    used 16008K, capacity 17401K, committed 17868K, reserved 1048576K
}
Event: 5697.728 GC heap before
{Heap before GC invocations=71 (full 0):
 garbage-first heap   total 262144K, used 192326K [0x0000000080000000, 0x0000000100000000)
  region size 1024K, 80 young (81920K), 10 survivors (10240K)
 Metaspace       used 128001K, capacity 131660K, committed 132444K, reserved 1163264K
  class space    used 16020K, capacity 17410K, committed 17868K, reserved 1048576K
}
Event: 5697.744 GC heap after
{Heap after GC invocations=72 (full 0):
 garbage-first heap   total 262144K, used 131920K [0x0000000080000000, 0x0000000100000000)
  region size 1024K, 10 young (10240K), 10 survivors (10240K)
 Metaspace       used 128001K, capacity 131660K, committed 132444K, reserved 1163264K
  class space    used 16020K, capacity 17410K, committed 17868K, reserved 1048576K
}
Event: 5697.750 GC heap before
{Heap before GC invocations=72 (full 0):
 garbage-first heap   total 262144K, used 133968K [0x0000000080000000, 0x0000000100000000)
  region size 1024K, 12 young (12288K), 10 survivors (10240K)
 Metaspace       used 128011K, capacity 131727K, committed 132444K, reserved 1163264K
  class space    used 16021K, capacity 17411K, committed 17868K, reserved 1048576K
}
Event: 5697.764 GC heap after
{Heap after GC invocations=73 (full 0):
 garbage-first heap   total 262144K, used 134075K [0x0000000080000000, 0x0000000100000000)
  region size 1024K, 2 young (2048K), 2 survivors (2048K)
 Metaspace       used 128011K, capacity 131727K, committed 132444K, reserved 1163264K
  class space    used 16021K, capacity 17411K, committed 17868K, reserved 1048576K
}
Event: 5697.941 GC heap before
{Heap before GC invocations=73 (full 0):
 garbage-first heap   total 262144K, used 197563K [0x0000000080000000, 0x0000000100000000)
  region size 1024K, 65 young (66560K), 2 survivors (2048K)
 Metaspace       used 128115K, capacity 131841K, committed 132700K, reserved 1165312K
  class space    used 16031K, capacity 17427K, committed 17868K, reserved 1048576K
}
Event: 5697.952 GC heap after
{Heap after GC invocations=74 (full 0):
 garbage-first heap   total 262144K, used 138536K [0x0000000080000000, 0x0000000100000000)
  region size 1024K, 7 young (7168K), 7 survivors (7168K)
 Metaspace       used 128115K, capacity 131841K, committed 132700K, reserved 1165312K
  class space    used 16031K, capacity 17427K, committed 17868K, reserved 1048576K
}
Event: 5698.216 GC heap before
{Heap before GC invocations=75 (full 0):
 garbage-first heap   total 262144K, used 203048K [0x0000000080000000, 0x0000000100000000)
  region size 1024K, 70 young (71680K), 7 survivors (7168K)
 Metaspace       used 128360K, capacity 132050K, committed 132700K, reserved 1165312K
  class space    used 16036K, capacity 17428K, committed 17868K, reserved 1048576K
}
Event: 5698.227 GC heap after
{Heap after GC invocations=76 (full 0):
 garbage-first heap   total 262144K, used 144052K [0x0000000080000000, 0x0000000100000000)
  region size 1024K, 6 young (6144K), 6 survivors (6144K)
 Metaspace       used 128360K, capacity 132050K, committed 132700K, reserved 1165312K
  class space    used 16036K, capacity 17428K, committed 17868K, reserved 1048576K
}
Event: 5698.236 GC heap before
{Heap before GC invocations=76 (full 0):
 garbage-first heap   total 262144K, used 150196K [0x0000000080000000, 0x0000000100000000)
  region size 1024K, 12 young (12288K), 6 survivors (6144K)
 Metaspace       used 128360K, capacity 132050K, committed 132700K, reserved 1165312K
  class space    used 16036K, capacity 17428K, committed 17868K, reserved 1048576K
}
Event: 5698.282 GC heap after
{Heap after GC invocations=77 (full 0):
 garbage-first heap   total 262144K, used 142420K [0x0000000080000000, 0x0000000100000000)
  region size 1024K, 2 young (2048K), 2 survivors (2048K)
 Metaspace       used 128360K, capacity 132050K, committed 132700K, reserved 1165312K
  class space    used 16036K, capacity 17428K, committed 17868K, reserved 1048576K
}
Event: 5698.687 GC heap before
{Heap before GC invocations=77 (full 0):
 garbage-first heap   total 262144K, used 207956K [0x0000000080000000, 0x0000000100000000)
  region size 1024K, 66 young (67584K), 2 survivors (2048K)
 Metaspace       used 128638K, capacity 132327K, committed 132956K, reserved 1165312K
  class space    used 16040K, capacity 17432K, committed 17868K, reserved 1048576K
}
Event: 5698.693 GC heap after
{Heap after GC invocations=78 (full 0):
 garbage-first heap   total 262144K, used 144968K [0x0000000080000000, 0x0000000100000000)
  region size 1024K, 4 young (4096K), 4 survivors (4096K)
 Metaspace       used 128638K, capacity 132327K, committed 132956K, reserved 1165312K
  class space    used 16040K, capacity 17432K, committed 17868K, reserved 1048576K
}
Event: 5698.920 GC heap before
{Heap before GC invocations=79 (full 0):
 garbage-first heap   total 262144K, used 211528K [0x0000000080000000, 0x0000000100000000)
  region size 1024K, 69 young (70656K), 4 survivors (4096K)
 Metaspace       used 128818K, capacity 132497K, committed 133212K, reserved 1165312K
  class space    used 16046K, capacity 17443K, committed 17868K, reserved 1048576K
}
Event: 5698.926 GC heap after
{Heap after GC invocations=80 (full 0):
 garbage-first heap   total 262144K, used 147840K [0x0000000080000000, 0x0000000100000000)
  region size 1024K, 7 young (7168K), 7 survivors (7168K)
 Metaspace       used 128818K, capacity 132497K, committed 133212K, reserved 1165312K
  class space    used 16046K, capacity 17443K, committed 17868K, reserved 1048576K
}
Event: 5698.935 GC heap before
{Heap before GC invocations=80 (full 0):
 garbage-first heap   total 262144K, used 152960K [0x0000000080000000, 0x0000000100000000)
  region size 1024K, 12 young (12288K), 7 survivors (7168K)
 Metaspace       used 128818K, capacity 132497K, committed 133212K, reserved 1165312K
  class space    used 16046K, capacity 17443K, committed 17868K, reserved 1048576K
}
Event: 5699.107 GC heap after
{Heap after GC invocations=81 (full 0):
 garbage-first heap   total 262144K, used 145743K [0x0000000080000000, 0x0000000100000000)
  region size 1024K, 1 young (1024K), 1 survivors (1024K)
 Metaspace       used 128818K, capacity 132497K, committed 133212K, reserved 1165312K
  class space    used 16046K, capacity 17443K, committed 17868K, reserved 1048576K
}
Event: 5699.273 GC heap before
{Heap before GC invocations=81 (full 0):
 garbage-first heap   total 262144K, used 213327K [0x0000000080000000, 0x0000000100000000)
  region size 1024K, 67 young (68608K), 1 survivors (1024K)
 Metaspace       used 128894K, capacity 132567K, committed 133212K, reserved 1165312K
  class space    used 16047K, capacity 17443K, committed 17868K, reserved 1048576K
}
Event: 5699.278 GC heap after
{Heap after GC invocations=82 (full 0):
 garbage-first heap   total 262144K, used 146459K [0x0000000080000000, 0x0000000100000000)
  region size 1024K, 2 young (2048K), 2 survivors (2048K)
 Metaspace       used 128894K, capacity 132567K, committed 133212K, reserved 1165312K
  class space    used 16047K, capacity 17443K, committed 17868K, reserved 1048576K
}
Event: 5699.527 GC heap before
{Heap before GC invocations=82 (full 0):
 garbage-first heap   total 262144K, used 215067K [0x0000000080000000, 0x0000000100000000)
  region size 1024K, 69 young (70656K), 2 survivors (2048K)
 Metaspace       used 128956K, capacity 132645K, committed 133212K, reserved 1165312K
  class space    used 16049K, capacity 17447K, committed 17868K, reserved 1048576K
}

